<?xml version="1.0" encoding="UTF-8"?>
<testng-results ignored="0" total="1" passed="1" failed="0" skipped="0">
  <reporter-output>
  </reporter-output>
  <suite started-at="2019-12-19T14:57:07 IST" name="Suite" finished-at="2019-12-19T14:57:07 IST" duration-ms="35">
    <groups>
    </groups>
    <test started-at="2019-12-19T14:57:07 IST" name="Test" finished-at="2019-12-19T14:57:07 IST" duration-ms="35">
      <class name="com.Github.demo.GitHub">
        <test-method signature="devBuild()[pri:0, instance:com.Github.demo.GitHub@77e9807f]" started-at="2019-12-19T14:57:07 IST" name="devBuild" finished-at="2019-12-19T14:57:07 IST" duration-ms="8" status="PASS">
          <reporter-output>
          </reporter-output>
        </test-method> <!-- devBuild -->
      </class> <!-- com.Github.demo.GitHub -->
    </test> <!-- Test -->
  </suite> <!-- Suite -->
</testng-results>
